[03-May-2020 18:41:55 Europe/Bucharest] PHP Deprecated:  Array and string offset access syntax with curly braces is deprecated in /Users/raduh/Dropbox/hosts/devsite/zoomsounds/source/inc/php/shoutcast_now_playing.php on line 128
[03-May-2020 18:41:55 Europe/Bucharest] PHP Deprecated:  Array and string offset access syntax with curly braces is deprecated in /Users/raduh/Dropbox/hosts/devsite/zoomsounds/source/inc/php/shoutcast_now_playing.php on line 129
[03-May-2020 18:41:55 Europe/Bucharest] PHP Deprecated:  Array and string offset access syntax with curly braces is deprecated in /Users/raduh/Dropbox/hosts/devsite/zoomsounds/source/inc/php/shoutcast_now_playing.php on line 130
[03-May-2020 18:41:55 Europe/Bucharest] PHP Deprecated:  Array and string offset access syntax with curly braces is deprecated in /Users/raduh/Dropbox/hosts/devsite/zoomsounds/source/inc/php/shoutcast_now_playing.php on line 131
[02-Jul-2020 21:11:08 Europe/Bucharest] PHP Deprecated:  Array and string offset access syntax with curly braces is deprecated in /Users/raduh/Dropbox/hosts/devsite/zoomsounds/source/inc/php/shoutcast_now_playing.php on line 128
[02-Jul-2020 21:11:08 Europe/Bucharest] PHP Deprecated:  Array and string offset access syntax with curly braces is deprecated in /Users/raduh/Dropbox/hosts/devsite/zoomsounds/source/inc/php/shoutcast_now_playing.php on line 129
[02-Jul-2020 21:11:08 Europe/Bucharest] PHP Deprecated:  Array and string offset access syntax with curly braces is deprecated in /Users/raduh/Dropbox/hosts/devsite/zoomsounds/source/inc/php/shoutcast_now_playing.php on line 130
[02-Jul-2020 21:11:08 Europe/Bucharest] PHP Deprecated:  Array and string offset access syntax with curly braces is deprecated in /Users/raduh/Dropbox/hosts/devsite/zoomsounds/source/inc/php/shoutcast_now_playing.php on line 131
[13-Aug-2020 20:39:14 Europe/Bucharest] PHP Deprecated:  Array and string offset access syntax with curly braces is deprecated in /Users/raduh/Dropbox/hosts/devsite/zoomsounds/source/inc/php/shoutcast_now_playing.php on line 128
[13-Aug-2020 20:39:14 Europe/Bucharest] PHP Deprecated:  Array and string offset access syntax with curly braces is deprecated in /Users/raduh/Dropbox/hosts/devsite/zoomsounds/source/inc/php/shoutcast_now_playing.php on line 129
[13-Aug-2020 20:39:14 Europe/Bucharest] PHP Deprecated:  Array and string offset access syntax with curly braces is deprecated in /Users/raduh/Dropbox/hosts/devsite/zoomsounds/source/inc/php/shoutcast_now_playing.php on line 130
[13-Aug-2020 20:39:14 Europe/Bucharest] PHP Deprecated:  Array and string offset access syntax with curly braces is deprecated in /Users/raduh/Dropbox/hosts/devsite/zoomsounds/source/inc/php/shoutcast_now_playing.php on line 131
[13-Aug-2020 20:39:24 Europe/Bucharest] PHP Deprecated:  Array and string offset access syntax with curly braces is deprecated in /Users/raduh/Dropbox/hosts/devsite/zoomsounds/source/inc/php/shoutcast_now_playing.php on line 128
[13-Aug-2020 20:39:24 Europe/Bucharest] PHP Deprecated:  Array and string offset access syntax with curly braces is deprecated in /Users/raduh/Dropbox/hosts/devsite/zoomsounds/source/inc/php/shoutcast_now_playing.php on line 129
[13-Aug-2020 20:39:24 Europe/Bucharest] PHP Deprecated:  Array and string offset access syntax with curly braces is deprecated in /Users/raduh/Dropbox/hosts/devsite/zoomsounds/source/inc/php/shoutcast_now_playing.php on line 130
[13-Aug-2020 20:39:24 Europe/Bucharest] PHP Deprecated:  Array and string offset access syntax with curly braces is deprecated in /Users/raduh/Dropbox/hosts/devsite/zoomsounds/source/inc/php/shoutcast_now_playing.php on line 131
[13-Aug-2020 20:39:34 Europe/Bucharest] PHP Deprecated:  Array and string offset access syntax with curly braces is deprecated in /Users/raduh/Dropbox/hosts/devsite/zoomsounds/source/inc/php/shoutcast_now_playing.php on line 128
[13-Aug-2020 20:39:34 Europe/Bucharest] PHP Deprecated:  Array and string offset access syntax with curly braces is deprecated in /Users/raduh/Dropbox/hosts/devsite/zoomsounds/source/inc/php/shoutcast_now_playing.php on line 129
[13-Aug-2020 20:39:34 Europe/Bucharest] PHP Deprecated:  Array and string offset access syntax with curly braces is deprecated in /Users/raduh/Dropbox/hosts/devsite/zoomsounds/source/inc/php/shoutcast_now_playing.php on line 130
[13-Aug-2020 20:39:34 Europe/Bucharest] PHP Deprecated:  Array and string offset access syntax with curly braces is deprecated in /Users/raduh/Dropbox/hosts/devsite/zoomsounds/source/inc/php/shoutcast_now_playing.php on line 131
[13-Aug-2020 20:39:44 Europe/Bucharest] PHP Deprecated:  Array and string offset access syntax with curly braces is deprecated in /Users/raduh/Dropbox/hosts/devsite/zoomsounds/source/inc/php/shoutcast_now_playing.php on line 128
[13-Aug-2020 20:39:44 Europe/Bucharest] PHP Deprecated:  Array and string offset access syntax with curly braces is deprecated in /Users/raduh/Dropbox/hosts/devsite/zoomsounds/source/inc/php/shoutcast_now_playing.php on line 129
[13-Aug-2020 20:39:44 Europe/Bucharest] PHP Deprecated:  Array and string offset access syntax with curly braces is deprecated in /Users/raduh/Dropbox/hosts/devsite/zoomsounds/source/inc/php/shoutcast_now_playing.php on line 130
[13-Aug-2020 20:39:44 Europe/Bucharest] PHP Deprecated:  Array and string offset access syntax with curly braces is deprecated in /Users/raduh/Dropbox/hosts/devsite/zoomsounds/source/inc/php/shoutcast_now_playing.php on line 131
[13-Aug-2020 20:39:54 Europe/Bucharest] PHP Deprecated:  Array and string offset access syntax with curly braces is deprecated in /Users/raduh/Dropbox/hosts/devsite/zoomsounds/source/inc/php/shoutcast_now_playing.php on line 128
[13-Aug-2020 20:39:54 Europe/Bucharest] PHP Deprecated:  Array and string offset access syntax with curly braces is deprecated in /Users/raduh/Dropbox/hosts/devsite/zoomsounds/source/inc/php/shoutcast_now_playing.php on line 129
[13-Aug-2020 20:39:54 Europe/Bucharest] PHP Deprecated:  Array and string offset access syntax with curly braces is deprecated in /Users/raduh/Dropbox/hosts/devsite/zoomsounds/source/inc/php/shoutcast_now_playing.php on line 130
[13-Aug-2020 20:39:54 Europe/Bucharest] PHP Deprecated:  Array and string offset access syntax with curly braces is deprecated in /Users/raduh/Dropbox/hosts/devsite/zoomsounds/source/inc/php/shoutcast_now_playing.php on line 131
[13-Aug-2020 20:40:05 Europe/Bucharest] PHP Deprecated:  Array and string offset access syntax with curly braces is deprecated in /Users/raduh/Dropbox/hosts/devsite/zoomsounds/source/inc/php/shoutcast_now_playing.php on line 128
[13-Aug-2020 20:40:05 Europe/Bucharest] PHP Deprecated:  Array and string offset access syntax with curly braces is deprecated in /Users/raduh/Dropbox/hosts/devsite/zoomsounds/source/inc/php/shoutcast_now_playing.php on line 129
[13-Aug-2020 20:40:05 Europe/Bucharest] PHP Deprecated:  Array and string offset access syntax with curly braces is deprecated in /Users/raduh/Dropbox/hosts/devsite/zoomsounds/source/inc/php/shoutcast_now_playing.php on line 130
[13-Aug-2020 20:40:05 Europe/Bucharest] PHP Deprecated:  Array and string offset access syntax with curly braces is deprecated in /Users/raduh/Dropbox/hosts/devsite/zoomsounds/source/inc/php/shoutcast_now_playing.php on line 131
[13-Aug-2020 20:40:15 Europe/Bucharest] PHP Deprecated:  Array and string offset access syntax with curly braces is deprecated in /Users/raduh/Dropbox/hosts/devsite/zoomsounds/source/inc/php/shoutcast_now_playing.php on line 128
[13-Aug-2020 20:40:15 Europe/Bucharest] PHP Deprecated:  Array and string offset access syntax with curly braces is deprecated in /Users/raduh/Dropbox/hosts/devsite/zoomsounds/source/inc/php/shoutcast_now_playing.php on line 129
[13-Aug-2020 20:40:15 Europe/Bucharest] PHP Deprecated:  Array and string offset access syntax with curly braces is deprecated in /Users/raduh/Dropbox/hosts/devsite/zoomsounds/source/inc/php/shoutcast_now_playing.php on line 130
[13-Aug-2020 20:40:15 Europe/Bucharest] PHP Deprecated:  Array and string offset access syntax with curly braces is deprecated in /Users/raduh/Dropbox/hosts/devsite/zoomsounds/source/inc/php/shoutcast_now_playing.php on line 131
[13-Aug-2020 20:40:24 Europe/Bucharest] PHP Deprecated:  Array and string offset access syntax with curly braces is deprecated in /Users/raduh/Dropbox/hosts/devsite/zoomsounds/source/inc/php/shoutcast_now_playing.php on line 128
[13-Aug-2020 20:40:24 Europe/Bucharest] PHP Deprecated:  Array and string offset access syntax with curly braces is deprecated in /Users/raduh/Dropbox/hosts/devsite/zoomsounds/source/inc/php/shoutcast_now_playing.php on line 129
[13-Aug-2020 20:40:24 Europe/Bucharest] PHP Deprecated:  Array and string offset access syntax with curly braces is deprecated in /Users/raduh/Dropbox/hosts/devsite/zoomsounds/source/inc/php/shoutcast_now_playing.php on line 130
[13-Aug-2020 20:40:24 Europe/Bucharest] PHP Deprecated:  Array and string offset access syntax with curly braces is deprecated in /Users/raduh/Dropbox/hosts/devsite/zoomsounds/source/inc/php/shoutcast_now_playing.php on line 131
[13-Aug-2020 20:40:29 Europe/Bucharest] PHP Deprecated:  Array and string offset access syntax with curly braces is deprecated in /Users/raduh/Dropbox/hosts/devsite/zoomsounds/source/inc/php/shoutcast_now_playing.php on line 128
[13-Aug-2020 20:40:29 Europe/Bucharest] PHP Deprecated:  Array and string offset access syntax with curly braces is deprecated in /Users/raduh/Dropbox/hosts/devsite/zoomsounds/source/inc/php/shoutcast_now_playing.php on line 129
[13-Aug-2020 20:40:29 Europe/Bucharest] PHP Deprecated:  Array and string offset access syntax with curly braces is deprecated in /Users/raduh/Dropbox/hosts/devsite/zoomsounds/source/inc/php/shoutcast_now_playing.php on line 130
[13-Aug-2020 20:40:29 Europe/Bucharest] PHP Deprecated:  Array and string offset access syntax with curly braces is deprecated in /Users/raduh/Dropbox/hosts/devsite/zoomsounds/source/inc/php/shoutcast_now_playing.php on line 131
[13-Aug-2020 20:40:39 Europe/Bucharest] PHP Deprecated:  Array and string offset access syntax with curly braces is deprecated in /Users/raduh/Dropbox/hosts/devsite/zoomsounds/source/inc/php/shoutcast_now_playing.php on line 128
[13-Aug-2020 20:40:39 Europe/Bucharest] PHP Deprecated:  Array and string offset access syntax with curly braces is deprecated in /Users/raduh/Dropbox/hosts/devsite/zoomsounds/source/inc/php/shoutcast_now_playing.php on line 129
[13-Aug-2020 20:40:39 Europe/Bucharest] PHP Deprecated:  Array and string offset access syntax with curly braces is deprecated in /Users/raduh/Dropbox/hosts/devsite/zoomsounds/source/inc/php/shoutcast_now_playing.php on line 130
[13-Aug-2020 20:40:39 Europe/Bucharest] PHP Deprecated:  Array and string offset access syntax with curly braces is deprecated in /Users/raduh/Dropbox/hosts/devsite/zoomsounds/source/inc/php/shoutcast_now_playing.php on line 131
[13-Aug-2020 20:40:49 Europe/Bucharest] PHP Deprecated:  Array and string offset access syntax with curly braces is deprecated in /Users/raduh/Dropbox/hosts/devsite/zoomsounds/source/inc/php/shoutcast_now_playing.php on line 128
[13-Aug-2020 20:40:49 Europe/Bucharest] PHP Deprecated:  Array and string offset access syntax with curly braces is deprecated in /Users/raduh/Dropbox/hosts/devsite/zoomsounds/source/inc/php/shoutcast_now_playing.php on line 129
[13-Aug-2020 20:40:49 Europe/Bucharest] PHP Deprecated:  Array and string offset access syntax with curly braces is deprecated in /Users/raduh/Dropbox/hosts/devsite/zoomsounds/source/inc/php/shoutcast_now_playing.php on line 130
[13-Aug-2020 20:40:49 Europe/Bucharest] PHP Deprecated:  Array and string offset access syntax with curly braces is deprecated in /Users/raduh/Dropbox/hosts/devsite/zoomsounds/source/inc/php/shoutcast_now_playing.php on line 131
[13-Aug-2020 20:40:55 Europe/Bucharest] PHP Deprecated:  Array and string offset access syntax with curly braces is deprecated in /Users/raduh/Dropbox/hosts/devsite/zoomsounds/source/inc/php/shoutcast_now_playing.php on line 128
[13-Aug-2020 20:40:55 Europe/Bucharest] PHP Deprecated:  Array and string offset access syntax with curly braces is deprecated in /Users/raduh/Dropbox/hosts/devsite/zoomsounds/source/inc/php/shoutcast_now_playing.php on line 129
[13-Aug-2020 20:40:55 Europe/Bucharest] PHP Deprecated:  Array and string offset access syntax with curly braces is deprecated in /Users/raduh/Dropbox/hosts/devsite/zoomsounds/source/inc/php/shoutcast_now_playing.php on line 130
[13-Aug-2020 20:40:55 Europe/Bucharest] PHP Deprecated:  Array and string offset access syntax with curly braces is deprecated in /Users/raduh/Dropbox/hosts/devsite/zoomsounds/source/inc/php/shoutcast_now_playing.php on line 131
[13-Aug-2020 20:41:05 Europe/Bucharest] PHP Deprecated:  Array and string offset access syntax with curly braces is deprecated in /Users/raduh/Dropbox/hosts/devsite/zoomsounds/source/inc/php/shoutcast_now_playing.php on line 128
[13-Aug-2020 20:41:05 Europe/Bucharest] PHP Deprecated:  Array and string offset access syntax with curly braces is deprecated in /Users/raduh/Dropbox/hosts/devsite/zoomsounds/source/inc/php/shoutcast_now_playing.php on line 129
[13-Aug-2020 20:41:05 Europe/Bucharest] PHP Deprecated:  Array and string offset access syntax with curly braces is deprecated in /Users/raduh/Dropbox/hosts/devsite/zoomsounds/source/inc/php/shoutcast_now_playing.php on line 130
[13-Aug-2020 20:41:05 Europe/Bucharest] PHP Deprecated:  Array and string offset access syntax with curly braces is deprecated in /Users/raduh/Dropbox/hosts/devsite/zoomsounds/source/inc/php/shoutcast_now_playing.php on line 131
[13-Aug-2020 20:41:15 Europe/Bucharest] PHP Deprecated:  Array and string offset access syntax with curly braces is deprecated in /Users/raduh/Dropbox/hosts/devsite/zoomsounds/source/inc/php/shoutcast_now_playing.php on line 128
[13-Aug-2020 20:41:15 Europe/Bucharest] PHP Deprecated:  Array and string offset access syntax with curly braces is deprecated in /Users/raduh/Dropbox/hosts/devsite/zoomsounds/source/inc/php/shoutcast_now_playing.php on line 129
[13-Aug-2020 20:41:15 Europe/Bucharest] PHP Deprecated:  Array and string offset access syntax with curly braces is deprecated in /Users/raduh/Dropbox/hosts/devsite/zoomsounds/source/inc/php/shoutcast_now_playing.php on line 130
[13-Aug-2020 20:41:15 Europe/Bucharest] PHP Deprecated:  Array and string offset access syntax with curly braces is deprecated in /Users/raduh/Dropbox/hosts/devsite/zoomsounds/source/inc/php/shoutcast_now_playing.php on line 131
[13-Aug-2020 20:41:25 Europe/Bucharest] PHP Deprecated:  Array and string offset access syntax with curly braces is deprecated in /Users/raduh/Dropbox/hosts/devsite/zoomsounds/source/inc/php/shoutcast_now_playing.php on line 128
[13-Aug-2020 20:41:25 Europe/Bucharest] PHP Deprecated:  Array and string offset access syntax with curly braces is deprecated in /Users/raduh/Dropbox/hosts/devsite/zoomsounds/source/inc/php/shoutcast_now_playing.php on line 129
[13-Aug-2020 20:41:25 Europe/Bucharest] PHP Deprecated:  Array and string offset access syntax with curly braces is deprecated in /Users/raduh/Dropbox/hosts/devsite/zoomsounds/source/inc/php/shoutcast_now_playing.php on line 130
[13-Aug-2020 20:41:25 Europe/Bucharest] PHP Deprecated:  Array and string offset access syntax with curly braces is deprecated in /Users/raduh/Dropbox/hosts/devsite/zoomsounds/source/inc/php/shoutcast_now_playing.php on line 131
[13-Aug-2020 20:41:35 Europe/Bucharest] PHP Deprecated:  Array and string offset access syntax with curly braces is deprecated in /Users/raduh/Dropbox/hosts/devsite/zoomsounds/source/inc/php/shoutcast_now_playing.php on line 128
[13-Aug-2020 20:41:35 Europe/Bucharest] PHP Deprecated:  Array and string offset access syntax with curly braces is deprecated in /Users/raduh/Dropbox/hosts/devsite/zoomsounds/source/inc/php/shoutcast_now_playing.php on line 129
[13-Aug-2020 20:41:35 Europe/Bucharest] PHP Deprecated:  Array and string offset access syntax with curly braces is deprecated in /Users/raduh/Dropbox/hosts/devsite/zoomsounds/source/inc/php/shoutcast_now_playing.php on line 130
[13-Aug-2020 20:41:35 Europe/Bucharest] PHP Deprecated:  Array and string offset access syntax with curly braces is deprecated in /Users/raduh/Dropbox/hosts/devsite/zoomsounds/source/inc/php/shoutcast_now_playing.php on line 131
[13-Aug-2020 20:41:45 Europe/Bucharest] PHP Deprecated:  Array and string offset access syntax with curly braces is deprecated in /Users/raduh/Dropbox/hosts/devsite/zoomsounds/source/inc/php/shoutcast_now_playing.php on line 128
[13-Aug-2020 20:41:45 Europe/Bucharest] PHP Deprecated:  Array and string offset access syntax with curly braces is deprecated in /Users/raduh/Dropbox/hosts/devsite/zoomsounds/source/inc/php/shoutcast_now_playing.php on line 129
[13-Aug-2020 20:41:45 Europe/Bucharest] PHP Deprecated:  Array and string offset access syntax with curly braces is deprecated in /Users/raduh/Dropbox/hosts/devsite/zoomsounds/source/inc/php/shoutcast_now_playing.php on line 130
[13-Aug-2020 20:41:45 Europe/Bucharest] PHP Deprecated:  Array and string offset access syntax with curly braces is deprecated in /Users/raduh/Dropbox/hosts/devsite/zoomsounds/source/inc/php/shoutcast_now_playing.php on line 131
[13-Aug-2020 20:41:55 Europe/Bucharest] PHP Deprecated:  Array and string offset access syntax with curly braces is deprecated in /Users/raduh/Dropbox/hosts/devsite/zoomsounds/source/inc/php/shoutcast_now_playing.php on line 128
[13-Aug-2020 20:41:55 Europe/Bucharest] PHP Deprecated:  Array and string offset access syntax with curly braces is deprecated in /Users/raduh/Dropbox/hosts/devsite/zoomsounds/source/inc/php/shoutcast_now_playing.php on line 129
[13-Aug-2020 20:41:55 Europe/Bucharest] PHP Deprecated:  Array and string offset access syntax with curly braces is deprecated in /Users/raduh/Dropbox/hosts/devsite/zoomsounds/source/inc/php/shoutcast_now_playing.php on line 130
[13-Aug-2020 20:41:55 Europe/Bucharest] PHP Deprecated:  Array and string offset access syntax with curly braces is deprecated in /Users/raduh/Dropbox/hosts/devsite/zoomsounds/source/inc/php/shoutcast_now_playing.php on line 131
[13-Aug-2020 20:42:05 Europe/Bucharest] PHP Deprecated:  Array and string offset access syntax with curly braces is deprecated in /Users/raduh/Dropbox/hosts/devsite/zoomsounds/source/inc/php/shoutcast_now_playing.php on line 128
[13-Aug-2020 20:42:05 Europe/Bucharest] PHP Deprecated:  Array and string offset access syntax with curly braces is deprecated in /Users/raduh/Dropbox/hosts/devsite/zoomsounds/source/inc/php/shoutcast_now_playing.php on line 129
[13-Aug-2020 20:42:05 Europe/Bucharest] PHP Deprecated:  Array and string offset access syntax with curly braces is deprecated in /Users/raduh/Dropbox/hosts/devsite/zoomsounds/source/inc/php/shoutcast_now_playing.php on line 130
[13-Aug-2020 20:42:05 Europe/Bucharest] PHP Deprecated:  Array and string offset access syntax with curly braces is deprecated in /Users/raduh/Dropbox/hosts/devsite/zoomsounds/source/inc/php/shoutcast_now_playing.php on line 131
[13-Aug-2020 20:42:15 Europe/Bucharest] PHP Deprecated:  Array and string offset access syntax with curly braces is deprecated in /Users/raduh/Dropbox/hosts/devsite/zoomsounds/source/inc/php/shoutcast_now_playing.php on line 128
[13-Aug-2020 20:42:15 Europe/Bucharest] PHP Deprecated:  Array and string offset access syntax with curly braces is deprecated in /Users/raduh/Dropbox/hosts/devsite/zoomsounds/source/inc/php/shoutcast_now_playing.php on line 129
[13-Aug-2020 20:42:15 Europe/Bucharest] PHP Deprecated:  Array and string offset access syntax with curly braces is deprecated in /Users/raduh/Dropbox/hosts/devsite/zoomsounds/source/inc/php/shoutcast_now_playing.php on line 130
[13-Aug-2020 20:42:15 Europe/Bucharest] PHP Deprecated:  Array and string offset access syntax with curly braces is deprecated in /Users/raduh/Dropbox/hosts/devsite/zoomsounds/source/inc/php/shoutcast_now_playing.php on line 131
[13-Aug-2020 20:42:25 Europe/Bucharest] PHP Deprecated:  Array and string offset access syntax with curly braces is deprecated in /Users/raduh/Dropbox/hosts/devsite/zoomsounds/source/inc/php/shoutcast_now_playing.php on line 128
[13-Aug-2020 20:42:25 Europe/Bucharest] PHP Deprecated:  Array and string offset access syntax with curly braces is deprecated in /Users/raduh/Dropbox/hosts/devsite/zoomsounds/source/inc/php/shoutcast_now_playing.php on line 129
[13-Aug-2020 20:42:25 Europe/Bucharest] PHP Deprecated:  Array and string offset access syntax with curly braces is deprecated in /Users/raduh/Dropbox/hosts/devsite/zoomsounds/source/inc/php/shoutcast_now_playing.php on line 130
[13-Aug-2020 20:42:25 Europe/Bucharest] PHP Deprecated:  Array and string offset access syntax with curly braces is deprecated in /Users/raduh/Dropbox/hosts/devsite/zoomsounds/source/inc/php/shoutcast_now_playing.php on line 131
[13-Aug-2020 20:42:35 Europe/Bucharest] PHP Deprecated:  Array and string offset access syntax with curly braces is deprecated in /Users/raduh/Dropbox/hosts/devsite/zoomsounds/source/inc/php/shoutcast_now_playing.php on line 128
[13-Aug-2020 20:42:35 Europe/Bucharest] PHP Deprecated:  Array and string offset access syntax with curly braces is deprecated in /Users/raduh/Dropbox/hosts/devsite/zoomsounds/source/inc/php/shoutcast_now_playing.php on line 129
[13-Aug-2020 20:42:35 Europe/Bucharest] PHP Deprecated:  Array and string offset access syntax with curly braces is deprecated in /Users/raduh/Dropbox/hosts/devsite/zoomsounds/source/inc/php/shoutcast_now_playing.php on line 130
[13-Aug-2020 20:42:35 Europe/Bucharest] PHP Deprecated:  Array and string offset access syntax with curly braces is deprecated in /Users/raduh/Dropbox/hosts/devsite/zoomsounds/source/inc/php/shoutcast_now_playing.php on line 131
[13-Aug-2020 20:42:45 Europe/Bucharest] PHP Deprecated:  Array and string offset access syntax with curly braces is deprecated in /Users/raduh/Dropbox/hosts/devsite/zoomsounds/source/inc/php/shoutcast_now_playing.php on line 128
[13-Aug-2020 20:42:45 Europe/Bucharest] PHP Deprecated:  Array and string offset access syntax with curly braces is deprecated in /Users/raduh/Dropbox/hosts/devsite/zoomsounds/source/inc/php/shoutcast_now_playing.php on line 129
[13-Aug-2020 20:42:45 Europe/Bucharest] PHP Deprecated:  Array and string offset access syntax with curly braces is deprecated in /Users/raduh/Dropbox/hosts/devsite/zoomsounds/source/inc/php/shoutcast_now_playing.php on line 130
[13-Aug-2020 20:42:45 Europe/Bucharest] PHP Deprecated:  Array and string offset access syntax with curly braces is deprecated in /Users/raduh/Dropbox/hosts/devsite/zoomsounds/source/inc/php/shoutcast_now_playing.php on line 131
[13-Aug-2020 20:42:55 Europe/Bucharest] PHP Deprecated:  Array and string offset access syntax with curly braces is deprecated in /Users/raduh/Dropbox/hosts/devsite/zoomsounds/source/inc/php/shoutcast_now_playing.php on line 128
[13-Aug-2020 20:42:55 Europe/Bucharest] PHP Deprecated:  Array and string offset access syntax with curly braces is deprecated in /Users/raduh/Dropbox/hosts/devsite/zoomsounds/source/inc/php/shoutcast_now_playing.php on line 129
[13-Aug-2020 20:42:55 Europe/Bucharest] PHP Deprecated:  Array and string offset access syntax with curly braces is deprecated in /Users/raduh/Dropbox/hosts/devsite/zoomsounds/source/inc/php/shoutcast_now_playing.php on line 130
[13-Aug-2020 20:42:55 Europe/Bucharest] PHP Deprecated:  Array and string offset access syntax with curly braces is deprecated in /Users/raduh/Dropbox/hosts/devsite/zoomsounds/source/inc/php/shoutcast_now_playing.php on line 131
[13-Aug-2020 20:43:05 Europe/Bucharest] PHP Deprecated:  Array and string offset access syntax with curly braces is deprecated in /Users/raduh/Dropbox/hosts/devsite/zoomsounds/source/inc/php/shoutcast_now_playing.php on line 128
[13-Aug-2020 20:43:05 Europe/Bucharest] PHP Deprecated:  Array and string offset access syntax with curly braces is deprecated in /Users/raduh/Dropbox/hosts/devsite/zoomsounds/source/inc/php/shoutcast_now_playing.php on line 129
[13-Aug-2020 20:43:05 Europe/Bucharest] PHP Deprecated:  Array and string offset access syntax with curly braces is deprecated in /Users/raduh/Dropbox/hosts/devsite/zoomsounds/source/inc/php/shoutcast_now_playing.php on line 130
[13-Aug-2020 20:43:05 Europe/Bucharest] PHP Deprecated:  Array and string offset access syntax with curly braces is deprecated in /Users/raduh/Dropbox/hosts/devsite/zoomsounds/source/inc/php/shoutcast_now_playing.php on line 131
[13-Aug-2020 20:43:15 Europe/Bucharest] PHP Deprecated:  Array and string offset access syntax with curly braces is deprecated in /Users/raduh/Dropbox/hosts/devsite/zoomsounds/source/inc/php/shoutcast_now_playing.php on line 128
[13-Aug-2020 20:43:15 Europe/Bucharest] PHP Deprecated:  Array and string offset access syntax with curly braces is deprecated in /Users/raduh/Dropbox/hosts/devsite/zoomsounds/source/inc/php/shoutcast_now_playing.php on line 129
[13-Aug-2020 20:43:15 Europe/Bucharest] PHP Deprecated:  Array and string offset access syntax with curly braces is deprecated in /Users/raduh/Dropbox/hosts/devsite/zoomsounds/source/inc/php/shoutcast_now_playing.php on line 130
[13-Aug-2020 20:43:15 Europe/Bucharest] PHP Deprecated:  Array and string offset access syntax with curly braces is deprecated in /Users/raduh/Dropbox/hosts/devsite/zoomsounds/source/inc/php/shoutcast_now_playing.php on line 131
[13-Aug-2020 20:43:25 Europe/Bucharest] PHP Deprecated:  Array and string offset access syntax with curly braces is deprecated in /Users/raduh/Dropbox/hosts/devsite/zoomsounds/source/inc/php/shoutcast_now_playing.php on line 128
[13-Aug-2020 20:43:25 Europe/Bucharest] PHP Deprecated:  Array and string offset access syntax with curly braces is deprecated in /Users/raduh/Dropbox/hosts/devsite/zoomsounds/source/inc/php/shoutcast_now_playing.php on line 129
[13-Aug-2020 20:43:25 Europe/Bucharest] PHP Deprecated:  Array and string offset access syntax with curly braces is deprecated in /Users/raduh/Dropbox/hosts/devsite/zoomsounds/source/inc/php/shoutcast_now_playing.php on line 130
[13-Aug-2020 20:43:25 Europe/Bucharest] PHP Deprecated:  Array and string offset access syntax with curly braces is deprecated in /Users/raduh/Dropbox/hosts/devsite/zoomsounds/source/inc/php/shoutcast_now_playing.php on line 131
[13-Aug-2020 20:43:35 Europe/Bucharest] PHP Deprecated:  Array and string offset access syntax with curly braces is deprecated in /Users/raduh/Dropbox/hosts/devsite/zoomsounds/source/inc/php/shoutcast_now_playing.php on line 128
[13-Aug-2020 20:43:35 Europe/Bucharest] PHP Deprecated:  Array and string offset access syntax with curly braces is deprecated in /Users/raduh/Dropbox/hosts/devsite/zoomsounds/source/inc/php/shoutcast_now_playing.php on line 129
[13-Aug-2020 20:43:35 Europe/Bucharest] PHP Deprecated:  Array and string offset access syntax with curly braces is deprecated in /Users/raduh/Dropbox/hosts/devsite/zoomsounds/source/inc/php/shoutcast_now_playing.php on line 130
[13-Aug-2020 20:43:35 Europe/Bucharest] PHP Deprecated:  Array and string offset access syntax with curly braces is deprecated in /Users/raduh/Dropbox/hosts/devsite/zoomsounds/source/inc/php/shoutcast_now_playing.php on line 131
[13-Aug-2020 20:43:45 Europe/Bucharest] PHP Deprecated:  Array and string offset access syntax with curly braces is deprecated in /Users/raduh/Dropbox/hosts/devsite/zoomsounds/source/inc/php/shoutcast_now_playing.php on line 128
[13-Aug-2020 20:43:45 Europe/Bucharest] PHP Deprecated:  Array and string offset access syntax with curly braces is deprecated in /Users/raduh/Dropbox/hosts/devsite/zoomsounds/source/inc/php/shoutcast_now_playing.php on line 129
[13-Aug-2020 20:43:45 Europe/Bucharest] PHP Deprecated:  Array and string offset access syntax with curly braces is deprecated in /Users/raduh/Dropbox/hosts/devsite/zoomsounds/source/inc/php/shoutcast_now_playing.php on line 130
[13-Aug-2020 20:43:45 Europe/Bucharest] PHP Deprecated:  Array and string offset access syntax with curly braces is deprecated in /Users/raduh/Dropbox/hosts/devsite/zoomsounds/source/inc/php/shoutcast_now_playing.php on line 131
[13-Aug-2020 20:43:55 Europe/Bucharest] PHP Deprecated:  Array and string offset access syntax with curly braces is deprecated in /Users/raduh/Dropbox/hosts/devsite/zoomsounds/source/inc/php/shoutcast_now_playing.php on line 128
[13-Aug-2020 20:43:55 Europe/Bucharest] PHP Deprecated:  Array and string offset access syntax with curly braces is deprecated in /Users/raduh/Dropbox/hosts/devsite/zoomsounds/source/inc/php/shoutcast_now_playing.php on line 129
[13-Aug-2020 20:43:55 Europe/Bucharest] PHP Deprecated:  Array and string offset access syntax with curly braces is deprecated in /Users/raduh/Dropbox/hosts/devsite/zoomsounds/source/inc/php/shoutcast_now_playing.php on line 130
[13-Aug-2020 20:43:55 Europe/Bucharest] PHP Deprecated:  Array and string offset access syntax with curly braces is deprecated in /Users/raduh/Dropbox/hosts/devsite/zoomsounds/source/inc/php/shoutcast_now_playing.php on line 131
[13-Aug-2020 20:44:05 Europe/Bucharest] PHP Deprecated:  Array and string offset access syntax with curly braces is deprecated in /Users/raduh/Dropbox/hosts/devsite/zoomsounds/source/inc/php/shoutcast_now_playing.php on line 128
[13-Aug-2020 20:44:05 Europe/Bucharest] PHP Deprecated:  Array and string offset access syntax with curly braces is deprecated in /Users/raduh/Dropbox/hosts/devsite/zoomsounds/source/inc/php/shoutcast_now_playing.php on line 129
[13-Aug-2020 20:44:05 Europe/Bucharest] PHP Deprecated:  Array and string offset access syntax with curly braces is deprecated in /Users/raduh/Dropbox/hosts/devsite/zoomsounds/source/inc/php/shoutcast_now_playing.php on line 130
[13-Aug-2020 20:44:05 Europe/Bucharest] PHP Deprecated:  Array and string offset access syntax with curly braces is deprecated in /Users/raduh/Dropbox/hosts/devsite/zoomsounds/source/inc/php/shoutcast_now_playing.php on line 131
[13-Aug-2020 20:44:15 Europe/Bucharest] PHP Deprecated:  Array and string offset access syntax with curly braces is deprecated in /Users/raduh/Dropbox/hosts/devsite/zoomsounds/source/inc/php/shoutcast_now_playing.php on line 128
[13-Aug-2020 20:44:15 Europe/Bucharest] PHP Deprecated:  Array and string offset access syntax with curly braces is deprecated in /Users/raduh/Dropbox/hosts/devsite/zoomsounds/source/inc/php/shoutcast_now_playing.php on line 129
[13-Aug-2020 20:44:15 Europe/Bucharest] PHP Deprecated:  Array and string offset access syntax with curly braces is deprecated in /Users/raduh/Dropbox/hosts/devsite/zoomsounds/source/inc/php/shoutcast_now_playing.php on line 130
[13-Aug-2020 20:44:15 Europe/Bucharest] PHP Deprecated:  Array and string offset access syntax with curly braces is deprecated in /Users/raduh/Dropbox/hosts/devsite/zoomsounds/source/inc/php/shoutcast_now_playing.php on line 131
[13-Aug-2020 20:44:25 Europe/Bucharest] PHP Deprecated:  Array and string offset access syntax with curly braces is deprecated in /Users/raduh/Dropbox/hosts/devsite/zoomsounds/source/inc/php/shoutcast_now_playing.php on line 128
[13-Aug-2020 20:44:25 Europe/Bucharest] PHP Deprecated:  Array and string offset access syntax with curly braces is deprecated in /Users/raduh/Dropbox/hosts/devsite/zoomsounds/source/inc/php/shoutcast_now_playing.php on line 129
[13-Aug-2020 20:44:25 Europe/Bucharest] PHP Deprecated:  Array and string offset access syntax with curly braces is deprecated in /Users/raduh/Dropbox/hosts/devsite/zoomsounds/source/inc/php/shoutcast_now_playing.php on line 130
[13-Aug-2020 20:44:25 Europe/Bucharest] PHP Deprecated:  Array and string offset access syntax with curly braces is deprecated in /Users/raduh/Dropbox/hosts/devsite/zoomsounds/source/inc/php/shoutcast_now_playing.php on line 131
[03-Sep-2020 19:22:10 Europe/Bucharest] PHP Warning:  file_get_contents(/Users/raduh/Dropbox/hosts/devsite/zoomsounds/source/db/db-ratesaptest.html): failed to open stream: No such file or directory in /Users/raduh/Dropbox/hosts/devsite/zoomsounds/source/inc/php/publisher.php on line 393
[03-Sep-2020 19:22:20 Europe/Bucharest] PHP Warning:  file_get_contents(/Users/raduh/Dropbox/hosts/devsite/zoomsounds/source/db/db-ratesaptest.html): failed to open stream: No such file or directory in /Users/raduh/Dropbox/hosts/devsite/zoomsounds/source/inc/php/publisher.php on line 393
[03-Sep-2020 19:22:31 Europe/Bucharest] PHP Warning:  file_get_contents(/Users/raduh/Dropbox/hosts/devsite/zoomsounds/source/db/db-ratesaptest.html): failed to open stream: No such file or directory in /Users/raduh/Dropbox/hosts/devsite/zoomsounds/source/inc/php/publisher.php on line 393
[03-Sep-2020 19:23:02 Europe/Bucharest] PHP Warning:  file_get_contents(/Users/raduh/Dropbox/hosts/devsite/zoomsounds/source/db/db-ratesaptest.html): failed to open stream: No such file or directory in /Users/raduh/Dropbox/hosts/devsite/zoomsounds/source/inc/php/publisher.php on line 393
[03-Sep-2020 19:25:08 Europe/Bucharest] PHP Warning:  file_get_contents(/Users/raduh/Dropbox/hosts/devsite/zoomsounds/source/db/db-ratesaptest.html): failed to open stream: No such file or directory in /Users/raduh/Dropbox/hosts/devsite/zoomsounds/source/inc/php/publisher.php on line 393
[03-Sep-2020 19:27:37 Europe/Bucharest] PHP Warning:  file_get_contents(/Users/raduh/Dropbox/hosts/devsite/zoomsounds/source/db/db-ratesaptest.html): failed to open stream: No such file or directory in /Users/raduh/Dropbox/hosts/devsite/zoomsounds/source/inc/php/publisher.php on line 393
[03-Sep-2020 19:28:04 Europe/Bucharest] PHP Warning:  file_get_contents(/Users/raduh/Dropbox/hosts/devsite/zoomsounds/source/db/db-ratesaptest.html): failed to open stream: No such file or directory in /Users/raduh/Dropbox/hosts/devsite/zoomsounds/source/inc/php/publisher.php on line 393
[03-Sep-2020 19:28:13 Europe/Bucharest] PHP Warning:  file_get_contents(/Users/raduh/Dropbox/hosts/devsite/zoomsounds/source/db/db-ratesaptest.html): failed to open stream: No such file or directory in /Users/raduh/Dropbox/hosts/devsite/zoomsounds/source/inc/php/publisher.php on line 393
[03-Sep-2020 19:29:14 Europe/Bucharest] PHP Warning:  file_get_contents(/Users/raduh/Dropbox/hosts/devsite/zoomsounds/source/db/db-ratesaptest.html): failed to open stream: No such file or directory in /Users/raduh/Dropbox/hosts/devsite/zoomsounds/source/inc/php/publisher.php on line 393
[03-Sep-2020 19:30:08 Europe/Bucharest] PHP Warning:  file_get_contents(/Users/raduh/Dropbox/hosts/devsite/zoomsounds/source/db/db-ratesaptest.html): failed to open stream: No such file or directory in /Users/raduh/Dropbox/hosts/devsite/zoomsounds/source/inc/php/publisher.php on line 393
[03-Sep-2020 19:30:15 Europe/Bucharest] PHP Warning:  file_get_contents(/Users/raduh/Dropbox/hosts/devsite/zoomsounds/source/db/db-ratesaptest.html): failed to open stream: No such file or directory in /Users/raduh/Dropbox/hosts/devsite/zoomsounds/source/inc/php/publisher.php on line 393
[03-Sep-2020 19:30:15 Europe/Bucharest] PHP Warning:  file_get_contents(/Users/raduh/Dropbox/hosts/devsite/zoomsounds/source/db/db-ratesaptest.html): failed to open stream: No such file or directory in /Users/raduh/Dropbox/hosts/devsite/zoomsounds/source/inc/php/publisher.php on line 393
[03-Sep-2020 19:33:04 Europe/Bucharest] PHP Warning:  file_get_contents(/Users/raduh/Dropbox/hosts/devsite/zoomsounds/source/db/db-ratesaptest.html): failed to open stream: No such file or directory in /Users/raduh/Dropbox/hosts/devsite/zoomsounds/source/inc/php/publisher.php on line 393
[03-Sep-2020 19:33:58 Europe/Bucharest] PHP Warning:  file_get_contents(/Users/raduh/Dropbox/hosts/devsite/zoomsounds/source/db/db-ratesaptest.html): failed to open stream: No such file or directory in /Users/raduh/Dropbox/hosts/devsite/zoomsounds/source/inc/php/publisher.php on line 393
[03-Sep-2020 19:34:58 Europe/Bucharest] PHP Warning:  file_get_contents(/Users/raduh/Dropbox/hosts/devsite/zoomsounds/source/db/db-ratesaptest.html): failed to open stream: No such file or directory in /Users/raduh/Dropbox/hosts/devsite/zoomsounds/source/inc/php/publisher.php on line 393
[03-Sep-2020 19:35:58 Europe/Bucharest] PHP Warning:  file_get_contents(/Users/raduh/Dropbox/hosts/devsite/zoomsounds/source/db/db-ratesaptest.html): failed to open stream: No such file or directory in /Users/raduh/Dropbox/hosts/devsite/zoomsounds/source/inc/php/publisher.php on line 393
[03-Sep-2020 19:38:14 Europe/Bucharest] PHP Warning:  file_get_contents(/Users/raduh/Dropbox/hosts/devsite/zoomsounds/source/db/db-ratesaptest.html): failed to open stream: No such file or directory in /Users/raduh/Dropbox/hosts/devsite/zoomsounds/source/inc/php/publisher.php on line 393
[03-Sep-2020 19:39:02 Europe/Bucharest] PHP Warning:  file_get_contents(/Users/raduh/Dropbox/hosts/devsite/zoomsounds/source/db/db-ratesaptest.html): failed to open stream: No such file or directory in /Users/raduh/Dropbox/hosts/devsite/zoomsounds/source/inc/php/publisher.php on line 393
[03-Sep-2020 19:39:06 Europe/Bucharest] PHP Warning:  file_get_contents(/Users/raduh/Dropbox/hosts/devsite/zoomsounds/source/db/db-ratesaptest.html): failed to open stream: No such file or directory in /Users/raduh/Dropbox/hosts/devsite/zoomsounds/source/inc/php/publisher.php on line 393
[03-Sep-2020 19:39:17 Europe/Bucharest] PHP Warning:  file_get_contents(/Users/raduh/Dropbox/hosts/devsite/zoomsounds/source/db/db-ratesaptest.html): failed to open stream: No such file or directory in /Users/raduh/Dropbox/hosts/devsite/zoomsounds/source/inc/php/publisher.php on line 393
[03-Sep-2020 19:39:39 Europe/Bucharest] PHP Warning:  file_get_contents(/Users/raduh/Dropbox/hosts/devsite/zoomsounds/source/db/db-ratesaptest.html): failed to open stream: No such file or directory in /Users/raduh/Dropbox/hosts/devsite/zoomsounds/source/inc/php/publisher.php on line 393
[03-Sep-2020 19:40:00 Europe/Bucharest] PHP Warning:  file_get_contents(/Users/raduh/Dropbox/hosts/devsite/zoomsounds/source/db/db-ratesaptest.html): failed to open stream: No such file or directory in /Users/raduh/Dropbox/hosts/devsite/zoomsounds/source/inc/php/publisher.php on line 393
[03-Sep-2020 19:40:31 Europe/Bucharest] PHP Warning:  file_get_contents(/Users/raduh/Dropbox/hosts/devsite/zoomsounds/source/db/db-ratesaptest.html): failed to open stream: No such file or directory in /Users/raduh/Dropbox/hosts/devsite/zoomsounds/source/inc/php/publisher.php on line 393
[03-Sep-2020 19:40:59 Europe/Bucharest] PHP Warning:  file_get_contents(/Users/raduh/Dropbox/hosts/devsite/zoomsounds/source/db/db-ratesaptest.html): failed to open stream: No such file or directory in /Users/raduh/Dropbox/hosts/devsite/zoomsounds/source/inc/php/publisher.php on line 393
[03-Sep-2020 19:41:54 Europe/Bucharest] PHP Warning:  file_get_contents(/Users/raduh/Dropbox/hosts/devsite/zoomsounds/source/db/db-ratesaptest.html): failed to open stream: No such file or directory in /Users/raduh/Dropbox/hosts/devsite/zoomsounds/source/inc/php/publisher.php on line 393
[03-Sep-2020 19:41:57 Europe/Bucharest] PHP Warning:  file_get_contents(/Users/raduh/Dropbox/hosts/devsite/zoomsounds/source/db/db-ratesaptest.html): failed to open stream: No such file or directory in /Users/raduh/Dropbox/hosts/devsite/zoomsounds/source/inc/php/publisher.php on line 393
[03-Sep-2020 19:42:04 Europe/Bucharest] PHP Warning:  file_get_contents(/Users/raduh/Dropbox/hosts/devsite/zoomsounds/source/db/db-ratesaptest.html): failed to open stream: No such file or directory in /Users/raduh/Dropbox/hosts/devsite/zoomsounds/source/inc/php/publisher.php on line 393
[03-Sep-2020 19:44:15 Europe/Bucharest] PHP Warning:  file_get_contents(/Users/raduh/Dropbox/hosts/devsite/zoomsounds/source/db/db-ratesaptest.html): failed to open stream: No such file or directory in /Users/raduh/Dropbox/hosts/devsite/zoomsounds/source/inc/php/publisher.php on line 393
[03-Sep-2020 19:44:37 Europe/Bucharest] PHP Warning:  file_get_contents(/Users/raduh/Dropbox/hosts/devsite/zoomsounds/source/db/db-ratesaptest.html): failed to open stream: No such file or directory in /Users/raduh/Dropbox/hosts/devsite/zoomsounds/source/inc/php/publisher.php on line 393
[03-Sep-2020 19:44:59 Europe/Bucharest] PHP Warning:  file_get_contents(/Users/raduh/Dropbox/hosts/devsite/zoomsounds/source/db/db-ratesaptest.html): failed to open stream: No such file or directory in /Users/raduh/Dropbox/hosts/devsite/zoomsounds/source/inc/php/publisher.php on line 393
[03-Sep-2020 19:45:02 Europe/Bucharest] PHP Warning:  file_get_contents(/Users/raduh/Dropbox/hosts/devsite/zoomsounds/source/db/db-ratesaptest.html): failed to open stream: No such file or directory in /Users/raduh/Dropbox/hosts/devsite/zoomsounds/source/inc/php/publisher.php on line 393
[03-Sep-2020 19:45:04 Europe/Bucharest] PHP Warning:  file_get_contents(/Users/raduh/Dropbox/hosts/devsite/zoomsounds/source/db/db-ratesaptest.html): failed to open stream: No such file or directory in /Users/raduh/Dropbox/hosts/devsite/zoomsounds/source/inc/php/publisher.php on line 393
[03-Sep-2020 19:45:15 Europe/Bucharest] PHP Warning:  file_get_contents(/Users/raduh/Dropbox/hosts/devsite/zoomsounds/source/db/db-ratesaptest.html): failed to open stream: No such file or directory in /Users/raduh/Dropbox/hosts/devsite/zoomsounds/source/inc/php/publisher.php on line 393
[03-Sep-2020 19:45:28 Europe/Bucharest] PHP Warning:  file_get_contents(/Users/raduh/Dropbox/hosts/devsite/zoomsounds/source/db/db-ratesaptest.html): failed to open stream: No such file or directory in /Users/raduh/Dropbox/hosts/devsite/zoomsounds/source/inc/php/publisher.php on line 393
[03-Sep-2020 19:45:41 Europe/Bucharest] PHP Warning:  file_get_contents(/Users/raduh/Dropbox/hosts/devsite/zoomsounds/source/db/db-ratesaptest.html): failed to open stream: No such file or directory in /Users/raduh/Dropbox/hosts/devsite/zoomsounds/source/inc/php/publisher.php on line 393
[03-Sep-2020 19:46:06 Europe/Bucharest] PHP Warning:  file_get_contents(/Users/raduh/Dropbox/hosts/devsite/zoomsounds/source/db/db-ratesaptest.html): failed to open stream: No such file or directory in /Users/raduh/Dropbox/hosts/devsite/zoomsounds/source/inc/php/publisher.php on line 393
[03-Sep-2020 19:47:07 Europe/Bucharest] PHP Warning:  file_get_contents(/Users/raduh/Dropbox/hosts/devsite/zoomsounds/source/db/db-ratesaptest.html): failed to open stream: No such file or directory in /Users/raduh/Dropbox/hosts/devsite/zoomsounds/source/inc/php/publisher.php on line 393
[03-Sep-2020 19:47:13 Europe/Bucharest] PHP Warning:  file_get_contents(/Users/raduh/Dropbox/hosts/devsite/zoomsounds/source/db/db-ratesaptest.html): failed to open stream: No such file or directory in /Users/raduh/Dropbox/hosts/devsite/zoomsounds/source/inc/php/publisher.php on line 429
[10-Oct-2020 20:46:50 Europe/Bucharest] PHP Warning:  file_get_contents(/Users/raduh/Dropbox/hosts/devsite/zoomsounds/source/db/db-likesap1000.html): failed to open stream: No such file or directory in /Users/raduh/Dropbox/hosts/devsite/zoomsounds/source/inc/php/publisher.php on line 489
[10-Oct-2020 20:47:14 Europe/Bucharest] PHP Warning:  file_get_contents(/Users/raduh/Dropbox/hosts/devsite/zoomsounds/source/db/db-likesap1000.html): failed to open stream: No such file or directory in /Users/raduh/Dropbox/hosts/devsite/zoomsounds/source/inc/php/publisher.php on line 489
[10-Oct-2020 20:47:52 Europe/Bucharest] PHP Warning:  file_get_contents(/Users/raduh/Dropbox/hosts/devsite/zoomsounds/source/db/db-likesap1000.html): failed to open stream: No such file or directory in /Users/raduh/Dropbox/hosts/devsite/zoomsounds/source/inc/php/publisher.php on line 489
[10-Oct-2020 20:49:00 Europe/Bucharest] PHP Warning:  file_get_contents(/Users/raduh/Dropbox/hosts/devsite/zoomsounds/source/db/db-likesap1000.html): failed to open stream: No such file or directory in /Users/raduh/Dropbox/hosts/devsite/zoomsounds/source/inc/php/publisher.php on line 489
[10-Oct-2020 20:49:47 Europe/Bucharest] PHP Warning:  file_get_contents(/Users/raduh/Dropbox/hosts/devsite/zoomsounds/source/db/db-likesap1000.html): failed to open stream: No such file or directory in /Users/raduh/Dropbox/hosts/devsite/zoomsounds/source/inc/php/publisher.php on line 489
[10-Oct-2020 20:50:33 Europe/Bucharest] PHP Warning:  file_get_contents(/Users/raduh/Dropbox/hosts/devsite/zoomsounds/source/db/db-likesap1000.html): failed to open stream: No such file or directory in /Users/raduh/Dropbox/hosts/devsite/zoomsounds/source/inc/php/publisher.php on line 489
[10-Oct-2020 20:51:05 Europe/Bucharest] PHP Warning:  file_get_contents(/Users/raduh/Dropbox/hosts/devsite/zoomsounds/source/db/db-likesap1000.html): failed to open stream: No such file or directory in /Users/raduh/Dropbox/hosts/devsite/zoomsounds/source/inc/php/publisher.php on line 489
[10-Oct-2020 20:51:16 Europe/Bucharest] PHP Warning:  file_get_contents(/Users/raduh/Dropbox/hosts/devsite/zoomsounds/source/db/db-likesap1000.html): failed to open stream: No such file or directory in /Users/raduh/Dropbox/hosts/devsite/zoomsounds/source/inc/php/publisher.php on line 489
[10-Oct-2020 21:28:23 Europe/Bucharest] PHP Warning:  file_get_contents(/Users/raduh/Dropbox/hosts/devsite/zoomsounds/source/db/db-likesap1000.html): failed to open stream: No such file or directory in /Users/raduh/Dropbox/hosts/devsite/zoomsounds/source/inc/php/publisher.php on line 489
[10-Oct-2020 22:04:30 Europe/Bucharest] PHP Warning:  file_get_contents(/Users/raduh/Dropbox/hosts/devsite/zoomsounds/source/db/db-likesap1000.html): failed to open stream: No such file or directory in /Users/raduh/Dropbox/hosts/devsite/zoomsounds/source/inc/php/publisher.php on line 489
[10-Oct-2020 22:05:43 Europe/Bucharest] PHP Warning:  file_get_contents(/Users/raduh/Dropbox/hosts/devsite/zoomsounds/source/db/db-likesap1000.html): failed to open stream: No such file or directory in /Users/raduh/Dropbox/hosts/devsite/zoomsounds/source/inc/php/publisher.php on line 489
[10-Oct-2020 22:06:02 Europe/Bucharest] PHP Warning:  file_get_contents(/Users/raduh/Dropbox/hosts/devsite/zoomsounds/source/db/db-likesap1000.html): failed to open stream: No such file or directory in /Users/raduh/Dropbox/hosts/devsite/zoomsounds/source/inc/php/publisher.php on line 489
[10-Oct-2020 22:06:15 Europe/Bucharest] PHP Warning:  file_get_contents(/Users/raduh/Dropbox/hosts/devsite/zoomsounds/source/db/db-likesap1000.html): failed to open stream: No such file or directory in /Users/raduh/Dropbox/hosts/devsite/zoomsounds/source/inc/php/publisher.php on line 489
[10-Oct-2020 22:06:22 Europe/Bucharest] PHP Warning:  file_get_contents(/Users/raduh/Dropbox/hosts/devsite/zoomsounds/source/db/db-likesap1000.html): failed to open stream: No such file or directory in /Users/raduh/Dropbox/hosts/devsite/zoomsounds/source/inc/php/publisher.php on line 489
[10-Oct-2020 22:06:39 Europe/Bucharest] PHP Warning:  file_get_contents(/Users/raduh/Dropbox/hosts/devsite/zoomsounds/source/db/db-likesap1000.html): failed to open stream: No such file or directory in /Users/raduh/Dropbox/hosts/devsite/zoomsounds/source/inc/php/publisher.php on line 489
[10-Oct-2020 22:40:01 Europe/Bucharest] PHP Warning:  file_get_contents(/Users/raduh/Dropbox/hosts/devsite/zoomsounds/source/db/db-likesap1000.html): failed to open stream: No such file or directory in /Users/raduh/Dropbox/hosts/devsite/zoomsounds/source/inc/php/publisher.php on line 489
[10-Oct-2020 22:40:03 Europe/Bucharest] PHP Warning:  file_get_contents(/Users/raduh/Dropbox/hosts/devsite/zoomsounds/source/db/db-likesap1000.html): failed to open stream: No such file or directory in /Users/raduh/Dropbox/hosts/devsite/zoomsounds/source/inc/php/publisher.php on line 489
[10-Oct-2020 22:44:32 Europe/Bucharest] PHP Warning:  file_get_contents(/Users/raduh/Dropbox/hosts/devsite/zoomsounds/source/db/db-likesap1000.html): failed to open stream: No such file or directory in /Users/raduh/Dropbox/hosts/devsite/zoomsounds/source/inc/php/publisher.php on line 489
[10-Oct-2020 23:05:34 Europe/Bucharest] PHP Warning:  file_get_contents(/Users/raduh/Dropbox/hosts/devsite/zoomsounds/source/db/db-likesap1000.html): failed to open stream: No such file or directory in /Users/raduh/Dropbox/hosts/devsite/zoomsounds/source/inc/php/publisher.php on line 489
[10-Oct-2020 23:11:00 Europe/Bucharest] PHP Warning:  file_get_contents(/Users/raduh/Dropbox/hosts/devsite/zoomsounds/source/db/db-likesap1000.html): failed to open stream: No such file or directory in /Users/raduh/Dropbox/hosts/devsite/zoomsounds/source/inc/php/publisher.php on line 489
